{
  "Cucumber Features": {
    "coverage": {
      "/Users/edijs/Projects/theBucketList/app/controllers/application_controller.rb": [
        1,
        1,
        null
      ],
      "/Users/edijs/Projects/theBucketList/app/helpers/application_helper.rb": [
        1,
        null
      ],
      "/Users/edijs/Projects/theBucketList/app/controllers/todos_controller.rb": [
        1,
        1,
        null,
        1,
        0,
        0,
        null,
        null,
        1,
        0,
        0,
        0,
        0,
        0,
        0,
        0,
        null,
        0,
        null,
        null,
        null,
        null,
        1,
        0,
        0,
        0,
        0,
        0,
        0,
        0,
        null,
        null,
        1,
        0,
        0,
        0,
        0,
        null,
        0,
        0,
        0,
        0,
        null,
        null,
        1,
        0,
        0,
        0,
        0,
        0,
        0,
        0,
        null,
        0,
        null,
        null,
        1,
        0,
        0,
        0,
        0,
        0,
        0,
        null,
        null,
        1,
        0,
        0,
        0,
        0,
        null,
        null,
        1,
        1,
        0,
        0,
        null,
        null,
        null,
        null
      ],
      "/Users/edijs/Projects/theBucketList/app/models/todo.rb": [
        1,
        1,
        1,
        1,
        1,
        1,
        null,
        1,
        null,
        null,
        null,
        null,
        null,
        null,
        null
      ]
    },
    "timestamp": 1316524932
  },
  "RSpec": {
    "coverage": {
      "/Users/edijs/Projects/theBucketList/app/controllers/application_controller.rb": [
        1,
        1,
        null
      ],
      "/Users/edijs/Projects/theBucketList/app/helpers/application_helper.rb": [
        1,
        null
      ],
      "/Users/edijs/Projects/theBucketList/app/controllers/todos_controller.rb": [
        1,
        1,
        null,
        1,
        2,
        2,
        null,
        null,
        1,
        1,
        1,
        1,
        1,
        1,
        1,
        2,
        null,
        0,
        null,
        null,
        null,
        null,
        1,
        13,
        13,
        13,
        13,
        13,
        13,
        13,
        null,
        null,
        1,
        1,
        1,
        1,
        0,
        null,
        1,
        1,
        1,
        1,
        null,
        null,
        1,
        1,
        1,
        1,
        3,
        3,
        3,
        3,
        null,
        1,
        null,
        null,
        1,
        1,
        1,
        1,
        1,
        1,
        1,
        null,
        null,
        1,
        1,
        1,
        1,
        1,
        null,
        null,
        1,
        1,
        78,
        18,
        null,
        null,
        null,
        null
      ],
      "/Users/edijs/Projects/theBucketList/app/models/todo.rb": [
        1,
        1,
        1,
        1,
        1,
        1,
        null,
        1,
        null,
        null,
        null,
        null,
        null,
        null,
        null
      ]
    },
    "timestamp": 1316524925
  }
}
