{
  "Cucumber Features": {
    "coverage": {
      "/Users/edijs/Projects/theBucketList/app/controllers/application_controller.rb": [
        1,
        1,
        null
      ],
      "/Users/edijs/Projects/theBucketList/app/helpers/application_helper.rb": [
        1,
        null
      ],
      "/Users/edijs/Projects/theBucketList/app/controllers/todos_controller.rb": [
        1,
        1,
        null,
        1,
        0,
        0,
        null,
        null,
        1,
        0,
        0,
        0,
        0,
        0,
        0,
        0,
        null,
        0,
        null,
        null,
        null,
        null,
        1,
        0,
        0,
        0,
        0,
        0,
        0,
        0,
        null,
        null,
        1,
        0,
        0,
        0,
        0,
        null,
        0,
        0,
        0,
        0,
        null,
        null,
        1,
        0,
        0,
        0,
        0,
        0,
        0,
        0,
        0,
        null,
        0,
        null,
        null,
        1,
        0,
        0,
        0,
        0,
        0,
        0,
        null,
        null,
        1,
        0,
        0,
        0,
        0,
        null,
        null,
        1,
        1,
        0,
        0,
        null,
        null,
        null,
        null
      ],
      "/Users/edijs/Projects/theBucketList/app/models/todo.rb": [
        1,
        1,
        1,
        1,
        1,
        1,
        null,
        1,
        null,
        null,
        null,
        null,
        null,
        null,
        null
      ]
    },
    "timestamp": 1315846287
  },
  "RSpec": {
    "coverage": {
      "/Users/edijs/Projects/theBucketList/app/controllers/application_controller.rb": [
        1,
        1,
        null
      ],
      "/Users/edijs/Projects/theBucketList/app/helpers/application_helper.rb": [
        1,
        null
      ],
      "/Users/edijs/Projects/theBucketList/app/controllers/todos_controller.rb": [
        1,
        1,
        null,
        1,
        2,
        2,
        null,
        null,
        1,
        1,
        1,
        1,
        1,
        1,
        1,
        2,
        null,
        0,
        null,
        null,
        null,
        null,
        1,
        7,
        7,
        7,
        7,
        7,
        7,
        7,
        null,
        null,
        1,
        0,
        0,
        0,
        0,
        null,
        0,
        0,
        0,
        0,
        null,
        null,
        1,
        0,
        0,
        0,
        0,
        0,
        0,
        0,
        0,
        null,
        0,
        null,
        null,
        1,
        0,
        0,
        0,
        0,
        0,
        0,
        null,
        null,
        1,
        0,
        0,
        0,
        0,
        null,
        null,
        1,
        1,
        42,
        13,
        null,
        null,
        null,
        null
      ],
      "/Users/edijs/Projects/theBucketList/app/models/todo.rb": [
        1,
        1,
        1,
        1,
        1,
        1,
        null,
        1,
        null,
        null,
        null,
        null,
        null,
        null,
        null
      ]
    },
    "timestamp": 1315846097
  }
}
